<?xml version="1.0" encoding="UTF-8"?>
<!-- Generated by org.testng.reporters.JUnitReportReporter -->
<testsuite hostname="HIPUNL102063" failures="0" tests="2" name="Test.Demo2" time="0.004" errors="0" timestamp="2021-09-13T10:46:20 IST" skipped="0">
  <testcase classname="Test.Demo2" name="PrintBye2" time="0.002"/>
  <system-out/>
  <testcase classname="Test.Demo2" name="PrintHi2" time="0.002"/>
  <system-out/>
</testsuite> <!-- Test.Demo2 -->
