<?xml version="1.0" encoding="UTF-8"?>
<!-- Generated by org.testng.reporters.JUnitReportReporter -->
<testsuite hostname="HIPUNL102063" failures="0" tests="2" name="Test.Demo" time="0.013" errors="0" timestamp="2021-09-13T10:46:20 IST" skipped="0">
  <testcase classname="Test.Demo" name="PrintBye2" time="0.011"/>
  <system-out/>
  <testcase classname="Test.Demo" name="PrintHi1" time="0.002"/>
  <system-out/>
</testsuite> <!-- Test.Demo -->
