<?xml version="1.0" encoding="UTF-8"?>
<!-- Generated by org.testng.reporters.JUnitReportReporter -->
<testsuite hostname="HIPUNL102063" failures="0" tests="2" name="Demo2" time="0.016" errors="0" timestamp="2021-09-08T15:06:51 IST" skipped="0">
  <testcase classname="Demo2" name="PrintHi2" time="0.002"/>
  <system-out/>
  <testcase classname="Demo2" name="PrintBye2" time="0.014"/>
  <system-out/>
</testsuite> <!-- Demo2 -->
