<?xml version="1.0" encoding="UTF-8"?>
<!-- Generated by org.testng.reporters.JUnitReportReporter -->
<testsuite hostname="HIPUNL102063" failures="0" tests="1" name="pageObjects.registrationPage" time="6.378" errors="0" timestamp="2021-09-14T14:15:33 IST" skipped="0">
  <testcase classname="pageObjects.registrationPage" name="openUrl" time="6.378"/>
  <system-out/>
</testsuite> <!-- pageObjects.registrationPage -->
