<?xml version="1.0" encoding="UTF-8"?>
<!-- Generated by org.testng.reporters.JUnitReportReporter -->
<testsuite skipped="0" hostname="HIPUNL102063" name="Com.OrangeHRM.TitleExtraction" tests="1" failures="0" timestamp="22 Mar 2021 10:55:23 GMT" time="148.475" errors="0">
  <testcase name="fTitleExtraction" time="148.475" classname="Com.OrangeHRM.TitleExtraction"/>
</testsuite> <!-- Com.OrangeHRM.TitleExtraction -->
