<?xml version="1.0" encoding="UTF-8"?>
<!-- Generated by org.testng.reporters.JUnitReportReporter -->
<testsuite skipped="0" hostname="HIPUNL102063" name="Com.OrangeHRM.LOgin_TestNg" tests="1" failures="0" timestamp="02 Dec 2020 10:43:48 GMT" time="14.184" errors="0">
  <testcase name="login" time="14.184" classname="Com.OrangeHRM.LOgin_TestNg"/>
</testsuite> <!-- Com.OrangeHRM.LOgin_TestNg -->
