<?xml version="1.0" encoding="UTF-8"?>
<!-- Generated by org.testng.reporters.JUnitReportReporter -->
<testsuite skipped="0" hostname="HIPUNL102063" name="Com.OrangeHRM.data_read_from_table" tests="1" failures="0" timestamp="24 Mar 2021 06:09:22 GMT" time="56.196" errors="0">
  <testcase name="fTitleExtraction" time="56.196" classname="Com.OrangeHRM.data_read_from_table"/>
</testsuite> <!-- Com.OrangeHRM.data_read_from_table -->
