<?xml version="1.0" encoding="UTF-8"?>
<!-- Generated by org.testng.reporters.JUnitReportReporter -->
<testsuite skipped="0" hostname="HIPUNL102063" name="Com.OrangeHRM.SmileAssessment" tests="1" failures="0" timestamp="02 Dec 2020 12:53:39 GMT" time="13.888" errors="0">
  <testcase name="EndToEnd" time="13.888" classname="Com.OrangeHRM.SmileAssessment"/>
</testsuite> <!-- Com.OrangeHRM.SmileAssessment -->
