<?xml version="1.0" encoding="UTF-8"?>
<!-- Generated by org.testng.reporters.JUnitReportReporter -->
<testsuite skipped="0" hostname="HIPUNL102063" name="Com.OrangeHRM.Assignment6" tests="1" failures="0" timestamp="15 Jan 2021 09:30:56 GMT" time="16.335" errors="0">
  <testcase name="flogin" time="16.335" classname="Com.OrangeHRM.Assignment6"/>
</testsuite> <!-- Com.OrangeHRM.Assignment6 -->
