<?xml version="1.0" encoding="UTF-8"?>
<!-- Generated by org.testng.reporters.JUnitReportReporter -->
<testsuite skipped="0" hostname="HIPUNL102063" name="TestNg.Groups" tests="4" failures="0" timestamp="10 Nov 2020 18:35:00 GMT" time="0.022" errors="0">
  <testcase name="upload" time="0.002" classname="TestNg.Groups"/>
  <testcase name="Pass" time="0.005" classname="TestNg.Groups"/>
  <testcase name="sum2" time="0.003" classname="TestNg.Groups"/>
  <testcase name="Login" time="0.012" classname="TestNg.Groups"/>
</testsuite> <!-- TestNg.Groups -->
