<?xml version="1.0" encoding="UTF-8"?>
<!-- Generated by org.testng.reporters.JUnitReportReporter -->
<testsuite skipped="1" hostname="HIPUNL102063" name="TestNg.DependsConditions" tests="6" failures="0" timestamp="10 Nov 2020 18:51:50 GMT" time="0.025" errors="0">
  <testcase name="sum" time="0.002" classname="TestNg.DependsConditions"/>
  <testcase name="Login" time="0.013" classname="TestNg.DependsConditions"/>
  <testcase name="sum2" time="0.004" classname="TestNg.DependsConditions"/>
  <testcase name="Test" time="0.004" classname="TestNg.DependsConditions"/>
  <testcase name="sum1" time="0.002" classname="TestNg.DependsConditions"/>
  <testcase name="Login1" classname="TestNg.DependsConditions">
    <skipped/>
  </testcase> <!-- Login1 -->
</testsuite> <!-- TestNg.DependsConditions -->
