<?xml version="1.0" encoding="UTF-8"?>
<!-- Generated by org.testng.reporters.JUnitReportReporter -->
<testsuite skipped="0" hostname="HIPUNL102063" name="TestNg.parametrizationTestngxml2" tests="1" failures="0" timestamp="10 Nov 2020 19:11:47 GMT" time="0.006" errors="0">
  <testcase name="Test" time="0.006" classname="TestNg.parametrizationTestngxml2"/>
</testsuite> <!-- TestNg.parametrizationTestngxml2 -->
