<?xml version="1.0" encoding="UTF-8"?>
<!-- Generated by org.testng.reporters.JUnitReportReporter -->
<testsuite skipped="0" hostname="HIPUNL102063" name="TestNg.Demo2" tests="1" failures="0" timestamp="10 Nov 2020 18:25:24 GMT" time="0.006" errors="0">
  <testcase name="sum2" time="0.006" classname="TestNg.Demo2"/>
</testsuite> <!-- TestNg.Demo2 -->
