<?xml version="1.0" encoding="UTF-8"?>
<!-- Generated by org.testng.reporters.JUnitReportReporter -->
<testsuite skipped="0" hostname="HIPUNL102063" name="TestNg.Demo" tests="2" failures="0" timestamp="10 Nov 2020 18:25:24 GMT" time="0.004" errors="0">
  <testcase name="AB" time="0.002" classname="TestNg.Demo"/>
  <testcase name="AB1" time="0.002" classname="TestNg.Demo"/>
</testsuite> <!-- TestNg.Demo -->
