<?xml version="1.0" encoding="UTF-8"?>
<!-- Generated by org.testng.reporters.JUnitReportReporter -->
<testsuite skipped="0" hostname="HIPUNL102063" name="TestNg.DataProviderclass" tests="4" failures="0" timestamp="10 Nov 2020 19:54:13 GMT" time="0.026" errors="0">
  <testcase name="sum2" time="0.006" classname="TestNg.DataProviderclass"/>
  <testcase name="sum2" time="0.004" classname="TestNg.DataProviderclass"/>
  <testcase name="sum2" time="0.014" classname="TestNg.DataProviderclass"/>
  <testcase name="sum2" time="0.002" classname="TestNg.DataProviderclass"/>
</testsuite> <!-- TestNg.DataProviderclass -->
